<?xml version="1.0" encoding="UTF-8"?>
<testsuite name="HomePageTest" tests="1" skipped="0" failures="0" errors="0" timestamp="2020-03-12T00:12:32" hostname="Aisuluus-MBP.attlocal.net" time="4.315">
  <properties/>
  <testcase name="titleTest" classname="HomePageTest" time="4.315"/>
  <system-out><![CDATA[]]></system-out>
  <system-err><![CDATA[Starting ChromeDriver 80.0.3987.106 (f68069574609230cf9b635cd784cfb1bf81bb53a-refs/branch-heads/3987@{#882}) on port 11032
Only local connections are allowed.
Please protect ports used by ChromeDriver and related test frameworks to prevent access by malicious code.
Mar 11, 2020 5:12:31 PM org.openqa.selenium.remote.ProtocolHandshake createSession
INFO: Detected dialect: W3C
[1583971952.714][SEVERE]: Timed out receiving message from renderer: 0.100
[1583971952.816][SEVERE]: Timed out receiving message from renderer: 0.100
[1583971952.918][SEVERE]: Timed out receiving message from renderer: 0.100
[1583971953.093][SEVERE]: Timed out receiving message from renderer: 0.100
[1583971953.195][SEVERE]: Timed out receiving message from renderer: 0.100
[1583971953.296][SEVERE]: Timed out receiving message from renderer: 0.100
[1583971953.410][SEVERE]: Timed out receiving message from renderer: 0.100
[1583971953.512][SEVERE]: Timed out receiving message from renderer: 0.100
[1583971953.653][SEVERE]: Timed out receiving message from renderer: 0.100
[1583971953.837][SEVERE]: Timed out receiving message from renderer: 0.100
[1583971953.939][SEVERE]: Timed out receiving message from renderer: 0.100
[1583971954.170][SEVERE]: Timed out receiving message from renderer: 0.100
[1583971954.293][SEVERE]: Timed out receiving message from renderer: 0.100
[1583971954.445][SEVERE]: Timed out receiving message from renderer: 0.100
[1583971954.547][SEVERE]: Timed out receiving message from renderer: 0.100
[1583971954.649][SEVERE]: Timed out receiving message from renderer: 0.100
[1583971954.751][SEVERE]: Timed out receiving message from renderer: 0.100
[1583971954.853][SEVERE]: Timed out receiving message from renderer: 0.100
[1583971954.955][SEVERE]: Timed out receiving message from renderer: 0.100
[1583971955.058][SEVERE]: Timed out receiving message from renderer: 0.100
[1583971955.160][SEVERE]: Timed out receiving message from renderer: 0.100
[1583971955.274][SEVERE]: Timed out receiving message from renderer: 0.100
[1583971955.376][SEVERE]: Timed out receiving message from renderer: 0.100
[1583971955.478][SEVERE]: Timed out receiving message from renderer: 0.100
[1583971955.579][SEVERE]: Timed out receiving message from renderer: 0.100
[1583971955.681][SEVERE]: Timed out receiving message from renderer: 0.100
[1583971955.783][SEVERE]: Timed out receiving message from renderer: 0.100
[1583971955.885][SEVERE]: Timed out receiving message from renderer: 0.100
[1583971955.986][SEVERE]: Timed out receiving message from renderer: 0.100
[1583971956.097][SEVERE]: Timed out receiving message from renderer: 0.100
[1583971956.198][SEVERE]: Timed out receiving message from renderer: 0.100
]]></system-err>
</testsuite>
